terraform apply -refresh-only
aws_instance.my_server: Refreshing state... [id=i-0a69eccca0a3338bc]

Note: Objects have changed outside of Terraform

Terraform detected the following changes made outside of Terraform since the last "terraform apply" which may have    
affected this plan:

  # aws_instance.my_server has been deleted
  - resource "aws_instance" "my_server" {
      - ami                                  = "ami-04b70fa74e45c3917" -> null
      - arn                                  = "arn:aws:ec2:us-east-1:188265905126:instance/i-0a69eccca0a3338bc" -> null
      - associate_public_ip_address          = true -> null
      - availability_zone                    = "us-east-1d" -> null
      - cpu_core_count                       = 1 -> null
      - cpu_threads_per_core                 = 1 -> null
      - disable_api_stop                     = false -> null
      - disable_api_termination              = false -> null
      - ebs_optimized                        = false -> null
      - get_password_data                    = false -> null
      - hibernation                          = false -> null
      - id                                   = "i-0a69eccca0a3338bc" -> null
      - instance_initiated_shutdown_behavior = "stop" -> null
      - instance_state                       = "running" -> null
      - instance_type                        = "t2.micro" -> null
      - ipv6_address_count                   = 0 -> null
      - ipv6_addresses                       = [] -> null
      - monitoring                           = false -> null
      - placement_partition_number           = 0 -> null
      - primary_network_interface_id         = "eni-085cfaff686db45d7" -> null
      - private_dns                          = "ip-172-31-24-86.ec2.internal" -> null
      - private_ip                           = "172.31.24.86" -> null
      - public_dns                           = "ec2-52-86-12-122.compute-1.amazonaws.com" -> null
      - public_ip                            = "52.86.12.122" -> null
      - secondary_private_ips                = [] -> null
      - security_groups                      = [
          - "default",
        ] -> null
      - source_dest_check                    = true -> null
      - subnet_id                            = "subnet-05ccb5e3341066a49" -> null
      - tags                                 = {
          - "Name" = "Myserver"
        } -> null
      - tags_all                             = {
          - "Name" = "Myserver"
        } -> null
      - tenancy                              = "default" -> null
      - user_data_replace_on_change          = false -> null
      - vpc_security_group_ids               = [
          - "sg-0e013da16b82c16b7",
        ] -> null
        # (8 unchanged attributes hidden)

      - capacity_reservation_specification {
          - capacity_reservation_preference = "open" -> null
        }

      - cpu_options {
          - core_count       = 1 -> null
          - threads_per_core = 1 -> null
            # (1 unchanged attribute hidden)
        }

      - credit_specification {
          - cpu_credits = "standard" -> null
        }

      - enclave_options {
          - enabled = false -> null
        }

      - maintenance_options {
          - auto_recovery = "default" -> null
        }

      - metadata_options {
          - http_endpoint               = "enabled" -> null
          - http_protocol_ipv6          = "disabled" -> null
          - http_put_response_hop_limit = 2 -> null
          - http_tokens                 = "required" -> null
          - instance_metadata_tags      = "disabled" -> null
        }

      - private_dns_name_options {
          - enable_resource_name_dns_a_record    = false -> null
          - enable_resource_name_dns_aaaa_record = false -> null
          - hostname_type                        = "ip-name" -> null
        }

      - root_block_device {
          - delete_on_termination = true -> null
          - device_name           = "/dev/sda1" -> null
          - encrypted             = false -> null
          - iops                  = 3000 -> null
          - tags                  = {} -> null
          - tags_all              = {} -> null
          - throughput            = 125 -> null
          - volume_id             = "vol-01c23cf1a020c79f6" -> null
          - volume_size           = 8 -> null
          - volume_type           = "gp3" -> null
            # (1 unchanged attribute hidden)
        }
    }


This is a refresh-only plan, so Terraform will not take any actions to undo these. If you were expecting these        
changes then you can apply this plan to record the updated values in the Terraform state without changing any remote  
objects.

───────────────────────────────────────────────────────────────────────────────────────────────────────────────────── 

Changes to Outputs:
  ~ public_ip = [
      - "52.86.12.122",
    ] -> (known after apply)

You can apply this plan to save these new output values to the Terraform state, without changing any real
infrastructure.

Would you like to update the Terraform state to reflect these detected changes?
  Terraform will write these changes to the state without modifying any real infrastructure.
  There is no undo. Only 'yes' will be accepted to confirm.

  Enter a value: yes


Apply complete! Resources: 0 added, 0 changed, 0 destroyed.

Outputs:

public_ip = null